<?xml version="1.0" encoding="UTF-8"?>
<!-- Generated by org.testng.reporters.JUnitReportReporter -->
<testsuite hostname="DESKTOP-BCCH4T4" failures="0" tests="2" name="test.Day5" time="0.028" errors="0" timestamp="2023-04-27T13:25:51 IST" skipped="0">
  <testcase classname="test.Day5" name="IPL" time="0.025"/>
  <system-out/>
  <testcase classname="test.Day5" name="Odi" time="0.003"/>
  <system-out/>
</testsuite> <!-- test.Day5 -->
