<?xml version="1.0" encoding="UTF-8"?>
<!-- Generated by org.testng.reporters.JUnitReportReporter -->
<testsuite hostname="DESKTOP-BCCH4T4" failures="0" tests="1" name="test.Day3" time="0.004" errors="0" timestamp="2023-05-01T12:11:08 IST" skipped="0">
  <testcase classname="test.Day3" name="D4" time="0.004"/>
  <system-out/>
</testsuite> <!-- test.Day3 -->
