<?xml version="1.0" encoding="UTF-8"?>
<!-- Generated by org.testng.reporters.JUnitReportReporter -->
<testsuite hostname="DESKTOP-BCCH4T4" failures="0" tests="6" name="test.Day4" time="0.033" errors="0" timestamp="2023-04-28T12:48:18 IST" skipped="1">
  <testcase classname="test.Day4" name="C" time="0.020"/>
  <system-out/>
  <testcase classname="test.Day4" name="C" time="0.003"/>
  <system-out/>
  <testcase classname="test.Day4" name="C" time="0.004"/>
  <system-out/>
  <testcase classname="test.Day4" name="A" time="0.003"/>
  <system-out/>
  <testcase classname="test.Day4" name="D" time="0.003"/>
  <system-out/>
  <testcase classname="test.Day4" name="B">
    <skipped/>
  </testcase> <!-- B -->
  <system-out/>
</testsuite> <!-- test.Day4 -->
