<?xml version="1.0" encoding="UTF-8"?>
<!-- Generated by org.testng.reporters.JUnitReportReporter -->
<testsuite hostname="DESKTOP-BCCH4T4" failures="0" tests="2" name="test.demo" time="0.024" errors="0" timestamp="2023-05-01T12:11:08 IST" skipped="0">
  <testcase classname="test.demo" name="Day2" time="0.006"/>
  <system-out/>
  <testcase classname="test.demo" name="Day1" time="0.018"/>
  <system-out/>
</testsuite> <!-- test.demo -->
